<?xml version="1.0" encoding="UTF-8"?>
<!-- Generated by org.testng.reporters.JUnitXMLReporter -->
<testsuite ignored="0" hostname="DESKTOP-FGF6AJ8" failures="0" tests="2" name="Test2" time="87.012" errors="0" timestamp="2025-11-06T17:40:07 IST">
  <testcase classname="AutomationExercise.AutomationFramework.ErrorValidation" name="LoginToAccount" time="0.0">
    <skipped/>
  </testcase> <!-- LoginToAccount -->
  <testcase classname="AutomationExercise.AutomationFramework.ErrorValidation" name="RegisterUser" time="0.0">
    <skipped/>
  </testcase> <!-- RegisterUser -->
</testsuite> <!-- Test2 -->
