<?xml version="1.0" encoding="UTF-8"?>
<testng-results ignored="0" total="2" passed="0" failed="1" skipped="1">
  <reporter-output>
  </reporter-output>
  <suite started-at="2026-04-15T16:06:05 IST" name="Default suite" finished-at="2026-04-15T16:06:35 IST" duration-ms="29426">
    <groups>
    </groups>
    <test started-at="2026-04-15T16:06:05 IST" name="Default test" finished-at="2026-04-15T16:06:35 IST" duration-ms="29426">
      <class name="AutomationExercise.AutomationFramework.StandAlone2">
        <test-method is-config="true" signature="launchApplication()[pri:0, instance:AutomationExercise.AutomationFramework.StandAlone2@4c178a76]" started-at="2026-04-15T16:06:06 IST" name="launchApplication" finished-at="2026-04-15T16:06:13 IST" duration-ms="6804" status="PASS">
          <reporter-output>
          </reporter-output>
        </test-method> <!-- launchApplication -->
        <test-method signature="RegisterUserDetails(java.util.HashMap)[pri:0, instance:AutomationExercise.AutomationFramework.StandAlone2@4c178a76]" started-at="2026-04-15T16:06:13 IST" name="RegisterUserDetails" data-provider="getData" finished-at="2026-04-15T16:06:34 IST" duration-ms="21458" status="FAIL">
          <params>
            <param index="0">
              <value>
                <![CDATA[{lastName=Yadav, address=Sector 67, passkey=987656, year=2019, city=New York, mobile=987654321, countryIndex=1, productName=Blue Top, zipcode=12309, firstName=Ritik, month=January, name=Ritik, loginPassword=123456, company=source Infotech Pvt Ltd, state=BrownVille, day=5, email=yadav75@gmail.com}]]>
              </value>
            </param>
          </params>
          <exception class="org.openqa.selenium.ElementClickInterceptedException">
            <message>
              <![CDATA[element click intercepted: Element <a class="btn btn-default check_out">...</a> is not clickable at point (1102, 240). Other element would receive the click: <div id="checkoutModal" class="modal show">...</div>
  (Session info: chrome=146.0.7680.180)
Build info: version: '4.35.0', revision: '1c58e5028b'
System info: os.name: 'Windows 10', os.arch: 'amd64', os.version: '10.0', java.version: '23.0.1'
Driver info: org.openqa.selenium.chrome.ChromeDriver
Command: [d94370aabecb535b3d666909be1f9070, clickElement {id=f.723214D48A50FEB000EFBB4129B040EF.d.C02EF22D5C4E6E3B178F88D4F6083E57.e.395}]
Capabilities {acceptInsecureCerts: false, browserName: chrome, browserVersion: 146.0.7680.180, chrome: {chromedriverVersion: 146.0.7680.165 (4b989da09e1..., userDataDir: C:\Users\Ritik\AppData\Loca...}, fedcm:accounts: true, goog:chromeOptions: {debuggerAddress: localhost:52230}, goog:processID: 6120, networkConnectionEnabled: false, pageLoadStrategy: normal, platformName: windows, proxy: Proxy(), se:cdp: ws://localhost:52230/devtoo..., se:cdpVersion: 146.0.7680.180, setWindowRect: true, strictFileInteractability: false, timeouts: {implicit: 0, pageLoad: 300000, script: 30000}, unhandledPromptBehavior: dismiss and notify, webauthn:extension:credBlob: true, webauthn:extension:largeBlob: true, webauthn:extension:minPinLength: true, webauthn:extension:prf: true, webauthn:virtualAuthenticators: true}
Element: [[ChromeDriver: chrome on windows (d94370aabecb535b3d666909be1f9070)] -> xpath: //a[contains(@class,'btn btn-default check_out')]]
Session ID: d94370aabecb535b3d666909be1f9070]]>
            </message>
            <full-stacktrace>
              <![CDATA[org.openqa.selenium.ElementClickInterceptedException: element click intercepted: Element <a class="btn btn-default check_out">...</a> is not clickable at point (1102, 240). Other element would receive the click: <div id="checkoutModal" class="modal show">...</div>
  (Session info: chrome=146.0.7680.180)
Build info: version: '4.35.0', revision: '1c58e5028b'
System info: os.name: 'Windows 10', os.arch: 'amd64', os.version: '10.0', java.version: '23.0.1'
Driver info: org.openqa.selenium.chrome.ChromeDriver
Command: [d94370aabecb535b3d666909be1f9070, clickElement {id=f.723214D48A50FEB000EFBB4129B040EF.d.C02EF22D5C4E6E3B178F88D4F6083E57.e.395}]
Capabilities {acceptInsecureCerts: false, browserName: chrome, browserVersion: 146.0.7680.180, chrome: {chromedriverVersion: 146.0.7680.165 (4b989da09e1..., userDataDir: C:\Users\Ritik\AppData\Loca...}, fedcm:accounts: true, goog:chromeOptions: {debuggerAddress: localhost:52230}, goog:processID: 6120, networkConnectionEnabled: false, pageLoadStrategy: normal, platformName: windows, proxy: Proxy(), se:cdp: ws://localhost:52230/devtoo..., se:cdpVersion: 146.0.7680.180, setWindowRect: true, strictFileInteractability: false, timeouts: {implicit: 0, pageLoad: 300000, script: 30000}, unhandledPromptBehavior: dismiss and notify, webauthn:extension:credBlob: true, webauthn:extension:largeBlob: true, webauthn:extension:minPinLength: true, webauthn:extension:prf: true, webauthn:virtualAuthenticators: true}
Element: [[ChromeDriver: chrome on windows (d94370aabecb535b3d666909be1f9070)] -> xpath: //a[contains(@class,'btn btn-default check_out')]]
Session ID: d94370aabecb535b3d666909be1f9070
at java.base/jdk.internal.reflect.DirectConstructorHandleAccessor.newInstance(DirectConstructorHandleAccessor.java:62)
at java.base/java.lang.reflect.Constructor.newInstanceWithCaller(Constructor.java:501)
at java.base/java.lang.reflect.Constructor.newInstance(Constructor.java:485)
at org.openqa.selenium.remote.ErrorCodec.decode(ErrorCodec.java:167)
at org.openqa.selenium.remote.codec.w3c.W3CHttpResponseCodec.decode(W3CHttpResponseCodec.java:138)
at org.openqa.selenium.remote.codec.w3c.W3CHttpResponseCodec.decode(W3CHttpResponseCodec.java:50)
at org.openqa.selenium.remote.HttpCommandExecutor.execute(HttpCommandExecutor.java:215)
at org.openqa.selenium.remote.service.DriverCommandExecutor.invokeExecute(DriverCommandExecutor.java:216)
at org.openqa.selenium.remote.service.DriverCommandExecutor.execute(DriverCommandExecutor.java:174)
at org.openqa.selenium.remote.RemoteWebDriver.execute(RemoteWebDriver.java:557)
at org.openqa.selenium.remote.RemoteWebElement.execute(RemoteWebElement.java:223)
at org.openqa.selenium.remote.RemoteWebElement.click(RemoteWebElement.java:76)
at java.base/jdk.internal.reflect.DirectMethodHandleAccessor.invoke(DirectMethodHandleAccessor.java:103)
at java.base/java.lang.reflect.Method.invoke(Method.java:580)
at org.openqa.selenium.support.pagefactory.internal.LocatingElementHandler.invoke(LocatingElementHandler.java:51)
at jdk.proxy2/jdk.proxy2.$Proxy14.click(Unknown Source)
at AutomationFramework.PageObjects.CartPage.OrderToPlace(CartPage.java:45)
at AutomationExercise.AutomationFramework.StandAlone2.RegisterUserDetails(StandAlone2.java:71)
at java.base/jdk.internal.reflect.DirectMethodHandleAccessor.invoke(DirectMethodHandleAccessor.java:103)
at java.base/java.lang.reflect.Method.invoke(Method.java:580)
at org.testng.internal.invokers.MethodInvocationHelper.invokeMethod(MethodInvocationHelper.java:141)
at org.testng.internal.invokers.TestInvoker.invokeMethod(TestInvoker.java:687)
at org.testng.internal.invokers.TestInvoker.invokeTestMethod(TestInvoker.java:230)
at org.testng.internal.invokers.MethodRunner.runInSequence(MethodRunner.java:63)
at org.testng.internal.invokers.TestInvoker$MethodInvocationAgent.invoke(TestInvoker.java:995)
at org.testng.internal.invokers.TestInvoker.invokeTestMethods(TestInvoker.java:203)
at org.testng.internal.invokers.TestMethodWorker.invokeTestMethods(TestMethodWorker.java:154)
at org.testng.internal.invokers.TestMethodWorker.run(TestMethodWorker.java:134)
at java.base/java.util.ArrayList.forEach(ArrayList.java:1597)
at org.testng.TestRunner.privateRun(TestRunner.java:741)
at org.testng.TestRunner.run(TestRunner.java:616)
at org.testng.SuiteRunner.runTest(SuiteRunner.java:421)
at org.testng.SuiteRunner.runSequentially(SuiteRunner.java:413)
at org.testng.SuiteRunner.privateRun(SuiteRunner.java:373)
at org.testng.SuiteRunner.run(SuiteRunner.java:312)
at org.testng.SuiteRunnerWorker.runSuite(SuiteRunnerWorker.java:52)
at org.testng.SuiteRunnerWorker.run(SuiteRunnerWorker.java:95)
at org.testng.TestNG.runSuitesSequentially(TestNG.java:1274)
at org.testng.TestNG.runSuitesLocally(TestNG.java:1208)
at org.testng.TestNG.runSuites(TestNG.java:1112)
at org.testng.TestNG.run(TestNG.java:1079)
at org.testng.remote.AbstractRemoteTestNG.run(AbstractRemoteTestNG.java:115)
at org.testng.remote.RemoteTestNG.initAndRun(RemoteTestNG.java:293)
at org.testng.remote.RemoteTestNG.main(RemoteTestNG.java:91)
]]>
            </full-stacktrace>
          </exception> <!-- org.openqa.selenium.ElementClickInterceptedException -->
          <reporter-output>
          </reporter-output>
        </test-method> <!-- RegisterUserDetails -->
        <test-method is-config="true" signature="TearDown()[pri:0, instance:AutomationExercise.AutomationFramework.StandAlone2@4c178a76]" started-at="2026-04-15T16:06:34 IST" name="TearDown" finished-at="2026-04-15T16:06:34 IST" duration-ms="385" status="PASS">
          <reporter-output>
          </reporter-output>
        </test-method> <!-- TearDown -->
        <test-method signature="VerifyOrderDisplay()[pri:0, instance:AutomationExercise.AutomationFramework.StandAlone2@4c178a76]" started-at="2026-04-15T16:06:35 IST" name="VerifyOrderDisplay" finished-at="2026-04-15T16:06:35 IST" depends-on-methods="AutomationExercise.AutomationFramework.StandAlone2.RegisterUserDetails" duration-ms="0" status="SKIP">
          <exception class="java.lang.Throwable">
            <message>
              <![CDATA[Method AutomationExercise.AutomationFramework.StandAlone2.VerifyOrderDisplay() on instance AutomationExercise.AutomationFramework.StandAlone2@4c178a76 depends on not successfully finished methods 
[AutomationExercise.AutomationFramework.StandAlone2.RegisterUserDetails() on instance AutomationExercise.AutomationFramework.StandAlone2@4c178a76]]]>
            </message>
            <full-stacktrace>
              <![CDATA[java.lang.Throwable: Method AutomationExercise.AutomationFramework.StandAlone2.VerifyOrderDisplay() on instance AutomationExercise.AutomationFramework.StandAlone2@4c178a76 depends on not successfully finished methods 
[AutomationExercise.AutomationFramework.StandAlone2.RegisterUserDetails() on instance AutomationExercise.AutomationFramework.StandAlone2@4c178a76]
at org.testng.internal.invokers.TestInvoker.invokeTestMethods(TestInvoker.java:159)
at org.testng.internal.invokers.TestMethodWorker.invokeTestMethods(TestMethodWorker.java:154)
at org.testng.internal.invokers.TestMethodWorker.run(TestMethodWorker.java:134)
at java.base/java.util.ArrayList.forEach(ArrayList.java:1597)
at org.testng.TestRunner.privateRun(TestRunner.java:741)
at org.testng.TestRunner.run(TestRunner.java:616)
at org.testng.SuiteRunner.runTest(SuiteRunner.java:421)
at org.testng.SuiteRunner.runSequentially(SuiteRunner.java:413)
at org.testng.SuiteRunner.privateRun(SuiteRunner.java:373)
at org.testng.SuiteRunner.run(SuiteRunner.java:312)
at org.testng.SuiteRunnerWorker.runSuite(SuiteRunnerWorker.java:52)
at org.testng.SuiteRunnerWorker.run(SuiteRunnerWorker.java:95)
at org.testng.TestNG.runSuitesSequentially(TestNG.java:1274)
at org.testng.TestNG.runSuitesLocally(TestNG.java:1208)
at org.testng.TestNG.runSuites(TestNG.java:1112)
at org.testng.TestNG.run(TestNG.java:1079)
at org.testng.remote.AbstractRemoteTestNG.run(AbstractRemoteTestNG.java:115)
at org.testng.remote.RemoteTestNG.initAndRun(RemoteTestNG.java:293)
at org.testng.remote.RemoteTestNG.main(RemoteTestNG.java:91)
]]>
            </full-stacktrace>
          </exception> <!-- java.lang.Throwable -->
          <reporter-output>
          </reporter-output>
        </test-method> <!-- VerifyOrderDisplay -->
      </class> <!-- AutomationExercise.AutomationFramework.StandAlone2 -->
    </test> <!-- Default test -->
  </suite> <!-- Default suite -->
</testng-results>
